#
# There is insufficient memory for the Java Runtime Environment to continue.
# Native memory allocation (mmap) failed to map 100663296 bytes for G1 virtual space
# Possible reasons:
#   The system is out of physical RAM or swap space
#   The process is running with CompressedOops enabled, and the Java Heap may be blocking the growth of the native heap
# Possible solutions:
#   Reduce memory load on the system
#   Increase physical memory or swap space
#   Check if swap backing store is full
#   Decrease Java heap size (-Xmx/-Xms)
#   Decrease number of Java threads
#   Decrease Java thread stack sizes (-Xss)
#   Set larger code cache with -XX:ReservedCodeCacheSize=
#   JVM is running with Unscaled Compressed Oops mode in which the Java heap is
#     placed in the first 4GB address space. The Java Heap base address is the
#     maximum limit for the native heap growth. Please use -XX:HeapBaseMinAddress
#     to set the Java Heap base and to place the Java Heap above 4GB virtual address.
# This output file may be truncated or incomplete.
#
#  Out of Memory Error (os_windows.cpp:3600), pid=35276, tid=35960
#
# JRE version:  (21.0.2+13) (build )
# Java VM: OpenJDK 64-Bit Server VM (21.0.2+13-58, mixed mode, sharing, tiered, compressed oops, compressed class ptrs, g1 gc, windows-amd64)
# No core dump will be written. Minidumps are not enabled by default on client versions of Windows
#

---------------  S U M M A R Y ------------

Command Line: C:\Users\dell\AppData\Local\Temp\surefire17358665788877572331\surefirebooter-20240704010616373_3.jar C:\Users\dell\AppData\Local\Temp\surefire17358665788877572331 2024-07-04T01-06-14_210-jvmRun1 surefire-20240704010616373_1tmp surefire_0-20240704010616373_2tmp

Host: AMD Ryzen 5 3450U with Radeon Vega Mobile Gfx  , 8 cores, 5G,  Windows 11 , 64 bit Build 22000 (10.0.22000.2538)
Time: Thu Jul  4 01:06:19 2024 India Standard Time elapsed time: 0.156420 seconds (0d 0h 0m 0s)

---------------  T H R E A D  ---------------

Current thread (0x00000222003ff1a0):  JavaThread "Unknown thread" [_thread_in_vm, id=35960, stack(0x0000007f9a000000,0x0000007f9a100000) (1024K)]

Stack: [0x0000007f9a000000,0x0000007f9a100000]
Native frames: (J=compiled Java code, j=interpreted, Vv=VM code, C=native code)
V  [jvm.dll+0x6cade9]
V  [jvm.dll+0x8569c1]
V  [jvm.dll+0x858d2e]
V  [jvm.dll+0x859413]
V  [jvm.dll+0x280e56]
V  [jvm.dll+0x6c74d5]
V  [jvm.dll+0x6bbeca]
V  [jvm.dll+0x355bca]
V  [jvm.dll+0x35d816]
V  [jvm.dll+0x3ae67e]
V  [jvm.dll+0x3ae928]
V  [jvm.dll+0x3295dc]
V  [jvm.dll+0x32a16b]
V  [jvm.dll+0x81efa9]
V  [jvm.dll+0x3bba01]
V  [jvm.dll+0x807928]
V  [jvm.dll+0x44f50e]
V  [jvm.dll+0x450e11]
C  [jli.dll+0x52a3]
C  [ucrtbase.dll+0x26c0c]
C  [KERNEL32.DLL+0x153e0]
C  [ntdll.dll+0x485b]


---------------  P R O C E S S  ---------------

Threads class SMR info:
_java_thread_list=0x00007ffaa2bbbb88, length=0, elements={
}

Java Threads: ( => current thread )
Total: 0

Other Threads:
  0x000002220251d640 WorkerThread "GC Thread#0"                     [id=35992, stack(0x0000007f9a100000,0x0000007f9a200000) (1024K)]
  0x000002220252a2a0 ConcurrentGCThread "G1 Main Marker"            [id=35996, stack(0x0000007f9a200000,0x0000007f9a300000) (1024K)]
  0x000002220252ada0 WorkerThread "G1 Conc#0"                       [id=36000, stack(0x0000007f9a300000,0x0000007f9a400000) (1024K)]

[error occurred during error reporting (printing all threads), id 0xc0000005, EXCEPTION_ACCESS_VIOLATION (0xc0000005) at pc=0x00007ffaa232c6a7]
VM state: not at safepoint (not fully initialized)

VM Mutex/Monitor currently owned by a thread:  ([mutex/lock_event])
[0x00007ffaa2c2ce68] Heap_lock - owner thread: 0x00000222003ff1a0

Heap address: 0x00000000a1c00000, size: 1508 MB, Compressed Oops mode: 32-bit

CDS archive(s) mapped at: [0x0000000000000000-0x0000000000000000-0x0000000000000000), size 0, SharedBaseAddress: 0x0000000800000000, ArchiveRelocationMode: 1.
Narrow klass base: 0x0000000000000000, Narrow klass shift: 0, Narrow klass range: 0x0

GC Precious Log:
 CardTable entry size: 512
 Card Set container configuration: InlinePtr #cards 5 size 8 Array Of Cards #cards 12 size 40 Howl #buckets 4 coarsen threshold 1843 Howl Bitmap #cards 512 size 80 coarsen threshold 460 Card regions per heap region 1 cards per card region 2048

Heap:
 garbage-first heap   total 0K, used 0K [0x00000000a1c00000, 0x0000000100000000)
  region size 1024K, 0 young (0K), 0 survivors (0K)

[error occurred during error reporting (printing heap information), id 0xc0000005, EXCEPTION_ACCESS_VIOLATION (0xc0000005) at pc=0x00007ffaa27139f9]
GC Heap History (0 events):
No events

Dll operation events (1 events):
Event: 0.114 Loaded shared library C:\Users\dell\Downloads\jdk-21.0.2\bin\java.dll

Deoptimization events (0 events):
No events

Classes loaded (0 events):
No events

Classes unloaded (0 events):
No events

Classes redefined (0 events):
No events

Internal exceptions (0 events):
No events

ZGC Phase Switch (0 events):
No events

VM Operations (0 events):
No events

Events (0 events):
No events


Dynamic libraries:
0x00007ff663840000 - 0x00007ff66384e000 	C:\Users\dell\Downloads\jdk-21.0.2\bin\java.exe
0x00007ffb09f20000 - 0x00007ffb0a129000 	C:\WINDOWS\SYSTEM32\ntdll.dll
0x00007ffb099a0000 - 0x00007ffb09a5d000 	C:\WINDOWS\System32\KERNEL32.DLL
0x00007ffb074d0000 - 0x00007ffb07854000 	C:\WINDOWS\System32\KERNELBASE.dll
0x00007ffb07a70000 - 0x00007ffb07b81000 	C:\WINDOWS\System32\ucrtbase.dll
0x00007ffadfc70000 - 0x00007ffadfc88000 	C:\Users\dell\Downloads\jdk-21.0.2\bin\jli.dll
0x00007ffb095f0000 - 0x00007ffb0979d000 	C:\WINDOWS\System32\USER32.dll
0x00007ffb07a40000 - 0x00007ffb07a66000 	C:\WINDOWS\System32\win32u.dll
0x00007ffb09540000 - 0x00007ffb0956a000 	C:\WINDOWS\System32\GDI32.dll
0x00007ffb073b0000 - 0x00007ffb074ce000 	C:\WINDOWS\System32\gdi32full.dll
0x00007ffb07c10000 - 0x00007ffb07cad000 	C:\WINDOWS\System32\msvcp_win.dll
0x00007ffaf6bf0000 - 0x00007ffaf6c0b000 	C:\Users\dell\Downloads\jdk-21.0.2\bin\VCRUNTIME140.dll
0x00007ffae4450000 - 0x00007ffae46f5000 	C:\WINDOWS\WinSxS\amd64_microsoft.windows.common-controls_6595b64144ccf1df_6.0.22000.120_none_9d947278b86cc467\COMCTL32.dll
0x00007ffb08050000 - 0x00007ffb080f3000 	C:\WINDOWS\System32\msvcrt.dll
0x00007ffb08100000 - 0x00007ffb08131000 	C:\WINDOWS\System32\IMM32.DLL
0x00007ffb04660000 - 0x00007ffb0466c000 	C:\Users\dell\Downloads\jdk-21.0.2\bin\vcruntime140_1.dll
0x00007ffac81c0000 - 0x00007ffac824e000 	C:\Users\dell\Downloads\jdk-21.0.2\bin\msvcp140.dll
0x00007ffaa1ff0000 - 0x00007ffaa2d07000 	C:\Users\dell\Downloads\jdk-21.0.2\bin\server\jvm.dll
0x00007ffb086b0000 - 0x00007ffb0875e000 	C:\WINDOWS\System32\ADVAPI32.dll
0x00007ffb09d10000 - 0x00007ffb09dae000 	C:\WINDOWS\System32\sechost.dll
0x00007ffb08c40000 - 0x00007ffb08d61000 	C:\WINDOWS\System32\RPCRT4.dll
0x00007ffb09580000 - 0x00007ffb095ef000 	C:\WINDOWS\System32\WS2_32.dll
0x00007ffb07280000 - 0x00007ffb072cd000 	C:\WINDOWS\SYSTEM32\POWRPROF.dll
0x00007ffb01cb0000 - 0x00007ffb01ce3000 	C:\WINDOWS\SYSTEM32\WINMM.dll
0x00007ffafe790000 - 0x00007ffafe79a000 	C:\WINDOWS\SYSTEM32\VERSION.dll
0x00007ffb07260000 - 0x00007ffb07273000 	C:\WINDOWS\SYSTEM32\UMPDC.dll
0x00007ffb063e0000 - 0x00007ffb063f8000 	C:\WINDOWS\SYSTEM32\kernel.appcore.dll
0x00007ffaf8d20000 - 0x00007ffaf8d2a000 	C:\Users\dell\Downloads\jdk-21.0.2\bin\jimage.dll
0x00007ffb00840000 - 0x00007ffb00a61000 	C:\WINDOWS\SYSTEM32\DBGHELP.DLL
0x00007ffaf83a0000 - 0x00007ffaf83d1000 	C:\WINDOWS\SYSTEM32\dbgcore.DLL
0x00007ffb07b90000 - 0x00007ffb07c0f000 	C:\WINDOWS\System32\bcryptPrimitives.dll
0x00007ffadfc50000 - 0x00007ffadfc6f000 	C:\Users\dell\Downloads\jdk-21.0.2\bin\java.dll

dbghelp: loaded successfully - version: 4.0.5 - missing functions: none
symbol engine: initialized successfully - sym options: 0x614 - pdb path: .;C:\Users\dell\Downloads\jdk-21.0.2\bin;C:\WINDOWS\SYSTEM32;C:\WINDOWS\WinSxS\amd64_microsoft.windows.common-controls_6595b64144ccf1df_6.0.22000.120_none_9d947278b86cc467;C:\Users\dell\Downloads\jdk-21.0.2\bin\server

VM Arguments:
java_command: C:\Users\dell\AppData\Local\Temp\surefire17358665788877572331\surefirebooter-20240704010616373_3.jar C:\Users\dell\AppData\Local\Temp\surefire17358665788877572331 2024-07-04T01-06-14_210-jvmRun1 surefire-20240704010616373_1tmp surefire_0-20240704010616373_2tmp
java_class_path (initial): C:\Users\dell\AppData\Local\Temp\surefire17358665788877572331\surefirebooter-20240704010616373_3.jar
Launcher Type: SUN_STANDARD

[Global flags]
     intx CICompilerCount                          = 4                                         {product} {ergonomic}
     uint ConcGCThreads                            = 2                                         {product} {ergonomic}
     uint G1ConcRefinementThreads                  = 8                                         {product} {ergonomic}
   size_t G1HeapRegionSize                         = 1048576                                   {product} {ergonomic}
    uintx GCDrainStackTargetSize                   = 64                                        {product} {ergonomic}
   size_t InitialHeapSize                          = 100663296                                 {product} {ergonomic}
   size_t MarkStackSize                            = 4194304                                   {product} {ergonomic}
   size_t MaxHeapSize                              = 1581252608                                {product} {ergonomic}
   size_t MinHeapDeltaBytes                        = 1048576                                   {product} {ergonomic}
   size_t MinHeapSize                              = 8388608                                   {product} {ergonomic}
    uintx NonNMethodCodeHeapSize                   = 5839372                                {pd product} {ergonomic}
    uintx NonProfiledCodeHeapSize                  = 122909434                              {pd product} {ergonomic}
    uintx ProfiledCodeHeapSize                     = 122909434                              {pd product} {ergonomic}
    uintx ReservedCodeCacheSize                    = 251658240                              {pd product} {ergonomic}
     bool SegmentedCodeCache                       = true                                      {product} {ergonomic}
   size_t SoftMaxHeapSize                          = 1581252608                             {manageable} {ergonomic}
     bool UseCompressedOops                        = true                           {product lp64_product} {ergonomic}
     bool UseG1GC                                  = true                                      {product} {ergonomic}
     bool UseLargePagesIndividualAllocation        = false                                  {pd product} {ergonomic}

Logging:
Log output configuration:
 #0: stdout all=warning uptime,level,tags foldmultilines=false
 #1: stderr all=off uptime,level,tags foldmultilines=false

Environment Variables:
JAVA_HOME=C:\Users\dell\Downloads\jdk-21.0.2
PATH=C:\Program Files\Common Files\Oracle\Java\javapath;C:\WINDOWS\system32;C:\WINDOWS;C:\WINDOWS\System32\Wbem;C:\WINDOWS\System32\WindowsPowerShell\v1.0\;C:\WINDOWS\System32\OpenSSH\;C:\Program Files\dotnet\;C:\Program Files\Docker\Docker\resources\bin;C:\Users\dell\Downloads\jdk-21.0.2\bin;C:\Program Files\MySQL\MySQL Shell 8.0\bin\;C:\Users\dell\AppData\Local\Microsoft\WindowsApps;C:\Users\dell\AppData\Local\Programs\Microsoft VS Code\bin;C:\Program Files\JetBrains\IntelliJ IDEA Community Edition 2023.1.2\bin;;
USERNAME=dell
OS=Windows_NT
PROCESSOR_IDENTIFIER=AMD64 Family 23 Model 24 Stepping 1, AuthenticAMD
TMP=C:\Users\dell\AppData\Local\Temp
TEMP=C:\Users\dell\AppData\Local\Temp




Periodic native trim disabled

---------------  S Y S T E M  ---------------

OS:
 Windows 11 , 64 bit Build 22000 (10.0.22000.2538)
OS uptime: 15 days 2:28 hours
Hyper-V role detected

CPU: total 8 (initial active 8) (8 cores per cpu, 2 threads per core) family 23 model 24 stepping 1 microcode 0x0, cx8, cmov, fxsr, ht, mmx, 3dnowpref, sse, sse2, sse3, ssse3, sse4a, sse4.1, sse4.2, popcnt, lzcnt, tsc, tscinvbit, avx, avx2, aes, clmul, bmi1, bmi2, adx, sha, fma, vzeroupper, clflush, clflushopt, hv, rdtscp, f16c
Processor Information for all 8 processors :
  Max Mhz: 2100, Current Mhz: 2100, Mhz Limit: 2100

Memory: 4k page, system-wide physical 6030M (49M free)
TotalPageFile size 24453M (AvailPageFile size 30M)
current process WorkingSet (physical memory assigned to process): 10M, peak: 10M
current process commit charge ("private bytes"): 60M, peak: 156M

vm_info: OpenJDK 64-Bit Server VM (21.0.2+13-58) for windows-amd64 JRE (21.0.2+13-58), built on 2024-01-05T18:32:24Z by "mach5one" with MS VC++ 17.1 (VS2022)

END.
